This is pdfTeX, Version 3.141592653-2.6-1.40.22 (MiKTeX 21.3) (preloaded format=pdflatex 2021.4.6)  15 APR 2021 18:26
entering extended mode
**./Verslag_JaydenWeverink.tex
(Verslag_JaydenWeverink.tex
LaTeX2e <2020-10-01> patch level 4
L3 programming layer <2021-02-18>
(D:\Users\jayde\AppData\Local\Programs\MiKTeX\tex/latex/base\article.cls
Document Class: article 2020/04/10 v1.4m Standard LaTeX document class
(D:\Users\jayde\AppData\Local\Programs\MiKTeX\tex/latex/base\size10.clo
File: size10.clo 2020/04/10 v1.4m Standard LaTeX file (size option)
)
\c@part=\count179
\c@section=\count180
\c@subsection=\count181
\c@subsubsection=\count182
\c@paragraph=\count183
\c@subparagraph=\count184
\c@figure=\count185
\c@table=\count186
\abovecaptionskip=\skip47
\belowcaptionskip=\skip48
\bibindent=\dimen138
)
(D:\Users\jayde\AppData\Local\Programs\MiKTeX\tex/latex/graphics\graphicx.sty
Package: graphicx 2020/09/09 v1.2b Enhanced LaTeX Graphics (DPC,SPQR)

(D:\Users\jayde\AppData\Local\Programs\MiKTeX\tex/latex/graphics\keyval.sty
Package: keyval 2014/10/28 v1.15 key=value parser (DPC)
\KV@toks@=\toks15
)
(D:\Users\jayde\AppData\Local\Programs\MiKTeX\tex/latex/graphics\graphics.sty
Package: graphics 2020/08/30 v1.4c Standard LaTeX Graphics (DPC,SPQR)

(D:\Users\jayde\AppData\Local\Programs\MiKTeX\tex/latex/graphics\trig.sty
Package: trig 2016/01/03 v1.10 sin cos tan (DPC)
)
(D:\Users\jayde\AppData\Local\Programs\MiKTeX\tex/latex/graphics-cfg\graphics.c
fg
File: graphics.cfg 2016/06/04 v1.11 sample graphics configuration
)
Package graphics Info: Driver file: pdftex.def on input line 105.

(D:\Users\jayde\AppData\Local\Programs\MiKTeX\tex/latex/graphics-def\pdftex.def
File: pdftex.def 2020/10/05 v1.2a Graphics/color driver for pdftex
))
\Gin@req@height=\dimen139
\Gin@req@width=\dimen140
)
(D:\Users\jayde\AppData\Local\Programs\MiKTeX\tex/latex/latex-tools\verbatim.st
y
Package: verbatim 2020-07-07 v1.5u LaTeX2e package for verbatim enhancements
\every@verbatim=\toks16
\verbatim@line=\toks17
\verbatim@in@stream=\read2
) (D:\Users\jayde\AppData\Local\Programs\MiKTeX\tex/generic/babel\babel.sty
Package: babel 2021/03/24 3.56 The Babel package

(D:\Users\jayde\AppData\Local\Programs\MiKTeX\tex/generic/babel\babel.def
File: babel.def 2021/03/24 3.56 Babel common definitions
\babel@savecnt=\count187
\U@D=\dimen141
\l@babelnohyphens=\language79

(D:\Users\jayde\AppData\Local\Programs\MiKTeX\tex/generic/babel\txtbabel.def)
\bbl@readstream=\read3
)
\bbl@dirlevel=\count188

*************************************
* Local config file bblopts.cfg used
*
(D:\Users\jayde\AppData\Local\Programs\MiKTeX\tex/latex/arabi\bblopts.cfg
File: bblopts.cfg 2005/09/08 v0.1 add Arabic and Farsi to "declared" options of
 babel
)
(D:\Users\jayde\AppData\Local\Programs\MiKTeX\tex/latex/babel-dutch\dutch.ldf
Language: dutch 2020/10/29 v3.8j Dutch support from the babel system
Package babel Info: Making " an active character on input line 127.
)) (D:\Users\jayde\AppData\Local\Programs\MiKTeX\tex/latex/was\gensymb.sty
Package: gensymb 2003/07/02 v1.0 (WaS)
)
(D:\Users\jayde\AppData\Local\Programs\MiKTeX\tex/latex/latex-tools\multicol.st
y
Package: multicol 2019/12/09 v1.8y multicolumn formatting (FMi)
\c@tracingmulticols=\count189
\mult@box=\box47
\multicol@leftmargin=\dimen142
\c@unbalance=\count190
\c@collectmore=\count191
\doublecol@number=\count192
\multicoltolerance=\count193
\multicolpretolerance=\count194
\full@width=\dimen143
\page@free=\dimen144
\premulticols=\dimen145
\postmulticols=\dimen146
\multicolsep=\skip49
\multicolbaselineskip=\skip50
\partial@page=\box48
\last@line=\box49
\maxbalancingoverflow=\dimen147
\mult@rightbox=\box50
\mult@grightbox=\box51
\mult@gfirstbox=\box52
\mult@firstbox=\box53
\@tempa=\box54
\@tempa=\box55
\@tempa=\box56
\@tempa=\box57
\@tempa=\box58
\@tempa=\box59
\@tempa=\box60
\@tempa=\box61
\@tempa=\box62
\@tempa=\box63
\@tempa=\box64
\@tempa=\box65
\@tempa=\box66
\@tempa=\box67
\@tempa=\box68
\@tempa=\box69
\@tempa=\box70
\@tempa=\box71
\@tempa=\box72
\@tempa=\box73
\@tempa=\box74
\@tempa=\box75
\@tempa=\box76
\@tempa=\box77
\@tempa=\box78
\@tempa=\box79
\@tempa=\box80
\@tempa=\box81
\@tempa=\box82
\@tempa=\box83
\@tempa=\box84
\@tempa=\box85
\@tempa=\box86
\@tempa=\box87
\@tempa=\box88
\@tempa=\box89
\@tempa=\box90
\c@minrows=\count195
\c@columnbadness=\count196
\c@finalcolumnbadness=\count197
\last@try=\dimen148
\multicolovershoot=\dimen149
\multicolundershoot=\dimen150
\mult@nat@firstbox=\box91
\colbreak@box=\box92
\mc@col@check@num=\count198
)
(D:\Users\jayde\AppData\Local\Programs\MiKTeX\tex/latex/l3backend\l3backend-pdf
tex.def
File: l3backend-pdftex.def 2021-03-18 L3 backend support: PDF output (pdfTeX)
\l__color_backend_stack_int=\count199
\l__pdf_internal_box=\box93
) (Verslag_JaydenWeverink.aux)
\openout1 = `Verslag_JaydenWeverink.aux'.

LaTeX Font Info:    Checking defaults for OML/cmm/m/it on input line 10.
LaTeX Font Info:    ... okay on input line 10.
LaTeX Font Info:    Checking defaults for OMS/cmsy/m/n on input line 10.
LaTeX Font Info:    ... okay on input line 10.
LaTeX Font Info:    Checking defaults for OT1/cmr/m/n on input line 10.
LaTeX Font Info:    ... okay on input line 10.
LaTeX Font Info:    Checking defaults for T1/cmr/m/n on input line 10.
LaTeX Font Info:    ... okay on input line 10.
LaTeX Font Info:    Checking defaults for TS1/cmr/m/n on input line 10.
LaTeX Font Info:    ... okay on input line 10.
LaTeX Font Info:    Checking defaults for OMX/cmex/m/n on input line 10.
LaTeX Font Info:    ... okay on input line 10.
LaTeX Font Info:    Checking defaults for U/cmr/m/n on input line 10.
LaTeX Font Info:    ... okay on input line 10.

(D:\Users\jayde\AppData\Local\Programs\MiKTeX\tex/context/base/mkii\supp-pdf.mk
ii
[Loading MPS to PDF converter (version 2006.09.02).]
\scratchcounter=\count266
\scratchdimen=\dimen151
\scratchbox=\box94
\nofMPsegments=\count267
\nofMParguments=\count268
\everyMPshowfont=\toks18
\MPscratchCnt=\count269
\MPscratchDim=\dimen152
\MPnumerator=\count270
\makeMPintoPDFobject=\count271
\everyMPtoPDFconversion=\toks19
)
(D:\Users\jayde\AppData\Local\Programs\MiKTeX\tex/latex/epstopdf-pkg\epstopdf-b
ase.sty
Package: epstopdf-base 2020-01-24 v2.11 Base part for package epstopdf
Package epstopdf-base Info: Redefining graphics rule for `.eps' on input line 4
85.

(D:\Users\jayde\AppData\Local\Programs\MiKTeX\tex/latex/00miktex\epstopdf-sys.c
fg
File: epstopdf-sys.cfg 2021/03/18 v2.0 Configuration of epstopdf for MiKTeX
))
LaTeX Info: Redefining \celsius on input line 10.
Package gensymb Info: Faking symbols for \degree and \celsius on input line 10.



Package gensymb Warning: Not defining \perthousand.

LaTeX Info: Redefining \ohm on input line 10.
Package gensymb Info: Using \Omega for \ohm on input line 10.

Package gensymb Warning: Not defining \micro.

<pictures/logohr.png, id=1, 255.20343pt x 255.20343pt>
File: pictures/logohr.png Graphic file (type png)
<use pictures/logohr.png>
Package pdftex.def Info: pictures/logohr.png  used on input line 29.
(pdftex.def)             Requested size: 113.81102pt x 113.81244pt.
[1

{C:/Users/jayde/AppData/Local/MiKTeX/pdftex/config/pdftex.map} <./pictures/logo
hr.png>] (Verslag_JaydenWeverink.toc
LaTeX Font Info:    External font `cmex10' loaded for size
(Font)              <7> on input line 4.
LaTeX Font Info:    External font `cmex10' loaded for size
(Font)              <5> on input line 4.
 [1])
\tf@toc=\write3
\openout3 = `Verslag_JaydenWeverink.toc'.

 [2]

LaTeX Warning: Citation `royce1987managing' on page 3 undefined on input line 3
8.


LaTeX Warning: Citation `modelchecking' on page 3 undefined on input line 38.

[3] [4

]
Underfull \hbox (badness 10000) in paragraph at lines 98--100

 []

[5]
Overfull \hbox (4.00044pt too wide) in paragraph at lines 127--128
\OT1/cmss/m/n/10 Zo kun-nen de con-trol-led va-ri-a-be-len 'be-stuurd' wor-den,
 er is con-trole over.Voorbeelden
 []

[6

]
LaTeX Font Info:    Font shape `OT1/cmss/m/it' in size <10> not available
(Font)              Font shape `OT1/cmss/m/sl' tried instead on input line 163.



LaTeX Warning: Citation `therac25' on page 7 undefined on input line 163.

[7

]
Underfull \hbox (badness 10000) in paragraph at lines 181--182

 []

[8

] [9

] [10] [11

] [12] [13] [14] (Verslag_JaydenWeverink.bbl)
(Verslag_JaydenWeverink.bbl)
Overfull \hbox (103.58398pt too wide) in paragraph at lines 380--383
\OT1/cmtt/m/n/10 https://www.researchgate.net/figure/4-Variable-Model-of-Parnas
-Madey[]fig3[]270733268 
 []


Underfull \hbox (badness 10000) in paragraph at lines 434--437

 []


Underfull \hbox (badness 10000) in paragraph at lines 434--437

 []


Underfull \hbox (badness 10000) in paragraph at lines 434--437

 []

LaTeX Font Info:    Font shape `OT1/cmss/m/it' in size <7> not available
(Font)              Font shape `OT1/cmss/m/sl' tried instead on input line 439.

[15

] (Verslag_JaydenWeverink.aux)

LaTeX Warning: There were undefined references.

 ) 
Here is how much of TeX's memory you used:
 2232 strings out of 479321
 34223 string characters out of 2856584
 351288 words of memory out of 3000000
 19696 multiletter control sequences out of 15000+600000
 407345 words of font info for 40 fonts, out of 8000000 for 9000
 1141 hyphenation exceptions out of 8191
 68i,5n,74p,1294b,220s stack positions out of 5000i,500n,10000p,200000b,80000s
 <C:\Users\jayde\AppData\Local\MiKTeX\fonts/pk/ljfour/jknappen/ec/dpi600\tcrm
1000.pk><D:/Users/jayde/AppData/Local/Programs/MiKTeX/fonts/type1/public/amsfon
ts/cm/cmbx10.pfb><D:/Users/jayde/AppData/Local/Programs/MiKTeX/fonts/type1/publ
ic/amsfonts/cm/cmbx12.pfb><D:/Users/jayde/AppData/Local/Programs/MiKTeX/fonts/t
ype1/public/amsfonts/cm/cmr10.pfb><D:/Users/jayde/AppData/Local/Programs/MiKTeX
/fonts/type1/public/amsfonts/cm/cmss10.pfb><D:/Users/jayde/AppData/Local/Progra
ms/MiKTeX/fonts/type1/public/amsfonts/cm/cmssbx10.pfb><D:/Users/jayde/AppData/L
ocal/Programs/MiKTeX/fonts/type1/public/amsfonts/cm/cmssi10.pfb><D:/Users/jayde
/AppData/Local/Programs/MiKTeX/fonts/type1/public/amsfonts/cm/cmssi8.pfb><D:/Us
ers/jayde/AppData/Local/Programs/MiKTeX/fonts/type1/public/amsfonts/cm/cmsy10.p
fb><D:/Users/jayde/AppData/Local/Programs/MiKTeX/fonts/type1/public/amsfonts/cm
/cmsy7.pfb><D:/Users/jayde/AppData/Local/Programs/MiKTeX/fonts/type1/public/ams
fonts/cm/cmtt10.pfb>
Output written on Verslag_JaydenWeverink.pdf (16 pages, 166268 bytes).
PDF statistics:
 102 PDF objects out of 1000 (max. 8388607)
 0 named destinations out of 1000 (max. 500000)
 6 words of extra memory for PDF output out of 10000 (max. 10000000)

